gluestack-ui.config.ts(2,10): error TS2724: '"@gluestack-ui/themed"' has no exported member named 'config'. Did you mean 'UIConfig'?
src/App.tsx(27,12): error TS2322: Type '{ children: Element; className: string; }' is not assignable to type 'IntrinsicAttributes & StyledComponentProps<StyleProp<ViewStyle>, unknown, ViewProps, "Box", typeof View>'.
  Property 'className' does not exist on type 'IntrinsicAttributes & StyledComponentProps<StyleProp<ViewStyle>, unknown, ViewProps, "Box", typeof View>'.
src/App.tsx(28,17): error TS2322: Type '{ children: Element; className: string; }' is not assignable to type 'IntrinsicAttributes & StyledComponentProps<StyleProp<ViewStyle>, unknown, ViewProps, "Center", typeof View>'.
  Property 'className' does not exist on type 'IntrinsicAttributes & StyledComponentProps<StyleProp<ViewStyle>, unknown, ViewProps, "Center", typeof View>'.
src/App.tsx(29,19): error TS2322: Type '{ children: Element[]; space: string; className: string; }' is not assignable to type 'IntrinsicAttributes & StyledComponentProps<StyleProp<ViewStyle>, unknown, ViewProps, "VStack", typeof View>'.
  Property 'space' does not exist on type 'IntrinsicAttributes & StyledComponentProps<StyleProp<ViewStyle>, unknown, ViewProps, "VStack", typeof View>'.
src/App.tsx(34,15): error TS2322: Type '{ source: ImageSourcePropType; alt: string; className: string; }' is not assignable to type 'IntrinsicAttributes & IImageProps & Omit<Omit<StyledComponentProps<StyleProp<ImageStyle>, unknown, ImageProps, "Image", typeof Image>, "source" | "alt">, "ref"> & RefAttributes<...>'.
  Property 'className' does not exist on type 'IntrinsicAttributes & IImageProps & Omit<Omit<StyledComponentProps<StyleProp<ImageStyle>, unknown, ImageProps, "Image", typeof Image>, "source" | "alt">, "ref"> & RefAttributes<...>'.
src/App.tsx(38,22): error TS2322: Type '{ children: string; size: string; className: string; }' is not assignable to type 'IntrinsicAttributes & StyledComponentProps<StyleProp<TextStyle>, unknown, Omit<TextProps & ClassAttributes<typeof Text>, "style"> & WebTextProps, "Heading", ComponentType<...>>'.
  Property 'size' does not exist on type 'IntrinsicAttributes & StyledComponentProps<StyleProp<TextStyle>, unknown, Omit<TextProps & ClassAttributes<typeof Text>, "style"> & WebTextProps, "Heading", ComponentType<...>>'.
src/App.tsx(43,21): error TS2322: Type '{ children: Element[]; space: string; className: string; }' is not assignable to type 'IntrinsicAttributes & StyledComponentProps<StyleProp<ViewStyle>, unknown, ViewProps, "HStack", typeof View>'.
  Property 'space' does not exist on type 'IntrinsicAttributes & StyledComponentProps<StyleProp<ViewStyle>, unknown, ViewProps, "HStack", typeof View>'.
src/App.tsx(44,21): error TS2322: Type '{ children: string; size: string; className: string; }' is not assignable to type 'IntrinsicAttributes & StyledComponentProps<StyleProp<TextStyle>, unknown, TextProps, "Text", typeof Text>'.
  Property 'size' does not exist on type 'IntrinsicAttributes & StyledComponentProps<StyleProp<TextStyle>, unknown, TextProps, "Text", typeof Text>'.
src/App.tsx(48,17): error TS2322: Type '{ children: Element; size: string; variant: string; action: string; className: string; }' is not assignable to type 'IntrinsicAttributes & StyledComponentProps<StyleProp<ViewStyle>, unknown, ViewProps, "Badge", typeof View>'.
  Property 'size' does not exist on type 'IntrinsicAttributes & StyledComponentProps<StyleProp<ViewStyle>, unknown, ViewProps, "Badge", typeof View>'.
src/App.tsx(53,28): error TS2322: Type '{ children: string; className: string; }' is not assignable to type 'IntrinsicAttributes & StyledComponentProps<StyleProp<TextStyle>, unknown, StyledComponentProps<StyleProp<TextStyle>, unknown, TextProps, "Text", typeof Text>, "BadgeText", ForwardRefExoticComponent<...>>'.
  Property 'className' does not exist on type 'IntrinsicAttributes & StyledComponentProps<StyleProp<TextStyle>, unknown, StyledComponentProps<StyleProp<TextStyle>, unknown, TextProps, "Text", typeof Text>, "BadgeText", ForwardRefExoticComponent<...>>'.
src/App.tsx(58,18): error TS2322: Type '{ children: Element; className: string; }' is not assignable to type 'IntrinsicAttributes & StyledComponentProps<StyleProp<ViewStyle>, unknown, ViewProps, "Box", typeof View>'.
  Property 'className' does not exist on type 'IntrinsicAttributes & StyledComponentProps<StyleProp<ViewStyle>, unknown, ViewProps, "Box", typeof View>'.
src/AsyncStorageExample.tsx(34,11): error TS2322: Type '{ children: Element; size: string; variant: string; className: string; }' is not assignable to type 'IntrinsicAttributes & StyledComponentProps<StyleProp<ViewStyle>, unknown, ViewProps, "Card", typeof View>'.
  Property 'size' does not exist on type 'IntrinsicAttributes & StyledComponentProps<StyleProp<ViewStyle>, unknown, ViewProps, "Card", typeof View>'.
src/AsyncStorageExample.tsx(35,15): error TS2322: Type '{ children: Element[]; space: string; }' is not assignable to type 'IntrinsicAttributes & StyledComponentProps<StyleProp<ViewStyle>, unknown, ViewProps, "VStack", typeof View>'.
  Property 'space' does not exist on type 'IntrinsicAttributes & StyledComponentProps<StyleProp<ViewStyle>, unknown, ViewProps, "VStack", typeof View>'.
src/AsyncStorageExample.tsx(37,18): error TS2322: Type '{ children: string; size: string; className: string; }' is not assignable to type 'IntrinsicAttributes & StyledComponentProps<StyleProp<TextStyle>, unknown, Omit<TextProps & ClassAttributes<typeof Text>, "style"> & WebTextProps, "Heading", ComponentType<...>>'.
  Property 'size' does not exist on type 'IntrinsicAttributes & StyledComponentProps<StyleProp<TextStyle>, unknown, Omit<TextProps & ClassAttributes<typeof Text>, "style"> & WebTextProps, "Heading", ComponentType<...>>'.
src/AsyncStorageExample.tsx(42,15): error TS2322: Type '{ children: string; size: string; className: string; }' is not assignable to type 'IntrinsicAttributes & StyledComponentProps<StyleProp<TextStyle>, unknown, TextProps, "Text", typeof Text>'.
  Property 'size' does not exist on type 'IntrinsicAttributes & StyledComponentProps<StyleProp<TextStyle>, unknown, TextProps, "Text", typeof Text>'.
src/AsyncStorageExample.tsx(48,14): error TS2322: Type '{ children: Element; className: string; }' is not assignable to type 'IntrinsicAttributes & StyledComponentProps<StyleProp<ViewStyle>, unknown, ViewProps, "Box", typeof View>'.
  Property 'className' does not exist on type 'IntrinsicAttributes & StyledComponentProps<StyleProp<ViewStyle>, unknown, ViewProps, "Box", typeof View>'.
src/AsyncStorageExample.tsx(49,19): error TS2322: Type '{ children: Element[]; space: string; className: string; }' is not assignable to type 'IntrinsicAttributes & StyledComponentProps<StyleProp<ViewStyle>, unknown, ViewProps, "HStack", typeof View>'.
  Property 'space' does not exist on type 'IntrinsicAttributes & StyledComponentProps<StyleProp<ViewStyle>, unknown, ViewProps, "HStack", typeof View>'.
src/AsyncStorageExample.tsx(50,19): error TS2322: Type '{ children: string; size: string; className: string; }' is not assignable to type 'IntrinsicAttributes & StyledComponentProps<StyleProp<TextStyle>, unknown, TextProps, "Text", typeof Text>'.
  Property 'size' does not exist on type 'IntrinsicAttributes & StyledComponentProps<StyleProp<TextStyle>, unknown, TextProps, "Text", typeof Text>'.
src/AsyncStorageExample.tsx(53,19): error TS2322: Type '{ children: string; size: string; className: string; }' is not assignable to type 'IntrinsicAttributes & StyledComponentProps<StyleProp<TextStyle>, unknown, TextProps, "Text", typeof Text>'.
  Property 'size' does not exist on type 'IntrinsicAttributes & StyledComponentProps<StyleProp<TextStyle>, unknown, TextProps, "Text", typeof Text>'.
src/AsyncStorageExample.tsx(61,11): error TS2322: Type '{ children: Element; size: string; variant: string; action: string; onPress: () => Promise<void>; className: string; }' is not assignable to type 'IntrinsicAttributes & Omit<StyledComponentProps<StyleProp<ViewStyle> | ((state: PressableStateCallbackType) => StyleProp<...>), unknown, PressableProps & RefAttributes<...>, "Button", ForwardRefExoticComponent<...>> & InterfaceButtonProps, "ref"> & RefAttributes<...>'.
  Property 'size' does not exist on type 'IntrinsicAttributes & Omit<StyledComponentProps<StyleProp<ViewStyle> | ((state: PressableStateCallbackType) => StyleProp<...>), unknown, PressableProps & RefAttributes<...>, "Button", ForwardRefExoticComponent<...>> & InterfaceButtonProps, "ref"> & RefAttributes<...>'.
